生成启动时间为 2016/8/14 星期日 下午 14:10:18。
     1>项目“F:\github\deep learning\proj\Arsenal\Arsenal\Mat\Mat\Mat.vcxproj”在节点 2 上(Build 个目标)。
     1>ClCompile:
         E:\study\VS2012\VC\bin\CL.exe /c /ZI /nologo /W3 /WX- /sdl /Od /Oy- /D WIN32 /D _DEBUG /D _CONSOLE /D _UNICODE /D UNICODE /Gm /EHsc /RTC1 /MDd /GS /fp:precise /Zc:wchar_t /Zc:forScope /Yu"stdafx.h" /Fp"Debug\Mat.pch" /Fo"Debug\\" /Fd"Debug\vc110.pdb" /Gd /TP /analyze- /errorReport:prompt Mat.cpp Test.cpp
         Mat.cpp
     1>f:\github\deep learning\proj\arsenal\arsenal\mat\mat\mat.hpp : warning C4819: 该文件包含不能在当前代码页(936)中表示的字符。请将该文件保存为 Unicode 格式以防止数据丢失
     1>f:\github\deep learning\proj\arsenal\arsenal\mat\mat\mat.cpp(23): warning C4244: “初始化”: 从“int”转换到“float”，可能丢失数据
                 f:\github\deep learning\proj\arsenal\arsenal\mat\mat\mat.cpp(22): 编译类 模板 成员函数“float *Arsenal::Mat<Dtype>::GET_CPU_DATA(void)”时
                 with
                 [
                     Dtype=float
                 ]
                 f:\github\deep learning\proj\arsenal\arsenal\mat\mat\mat.cpp(28): 参见对正在编译的类 模板 实例化“Arsenal::Mat<Dtype>”的引用
                 with
                 [
                     Dtype=float
                 ]
         正在生成代码...
         正在编译...
         Test.cpp
     1>f:\github\deep learning\proj\arsenal\arsenal\mat\mat\mat.hpp : warning C4819: 该文件包含不能在当前代码页(936)中表示的字符。请将该文件保存为 Unicode 格式以防止数据丢失
         正在生成代码...
       Link:
         E:\study\VS2012\VC\bin\link.exe /ERRORREPORT:PROMPT /OUT:"F:\github\deep learning\proj\Arsenal\Arsenal\Mat\Debug\Mat.exe" /INCREMENTAL /NOLOGO kernel32.lib user32.lib gdi32.lib winspool.lib comdlg32.lib advapi32.lib shell32.lib ole32.lib oleaut32.lib uuid.lib odbc32.lib odbccp32.lib /MANIFEST /MANIFESTUAC:"level='asInvoker' uiAccess='false'" /manifest:embed /DEBUG /PDB:"F:\github\deep learning\proj\Arsenal\Arsenal\Mat\Debug\Mat.pdb" /SUBSYSTEM:CONSOLE /TLBID:1 /DYNAMICBASE /NXCOMPAT /IMPLIB:"F:\github\deep learning\proj\Arsenal\Arsenal\Mat\Debug\Mat.lib" /MACHINE:X86 Debug\Test.obj
         Debug\Mat.obj
         Debug\stdafx.obj
         Mat.vcxproj -> F:\github\deep learning\proj\Arsenal\Arsenal\Mat\Debug\Mat.exe
     1>已完成生成项目“F:\github\deep learning\proj\Arsenal\Arsenal\Mat\Mat\Mat.vcxproj”(Build 个目标)的操作。

生成成功。

已用时间 00:00:01.13
